<?xml version="1.0" encoding="UTF-8"?>
<!-- Generated by org.testng.reporters.JUnitXMLReporter -->
<testsuite ignored="0" hostname="LAPTOP-766AMPGS" failures="0" tests="3" name="Default test" time="33.98" errors="0" timestamp="2022-12-16T18:11:27 IST">
  <testcase classname="neoStoxTest.NewTest2ReadingfromPropertyfile2" name="validateUsername" time="0.328"/>
  <testcase classname="neoStoxTest.NewTest2ReadingfromPropertyfile2" name="checkavailableBalance" time="1.299"/>
  <testcase classname="neoStoxTest.NewTest2ReadingfromPropertyfile2" name="releasedfunds" time="0.684"/>
</testsuite> <!-- Default test -->
